This file contains any messages produced by compilers while
running configure, to aid debugging if configure makes a mistake.

It was created by PLUME-MoM configure 1.0, which was
generated by GNU Autoconf 2.69.  Invocation command line was

  $ ./configure 

## --------- ##
## Platform. ##
## --------- ##

hostname = federica-Lenovo
uname -m = x86_64
uname -r = 5.3.0-40-generic
uname -s = Linux
uname -v = #32~18.04.1-Ubuntu SMP Mon Feb 3 14:05:59 UTC 2020

/usr/bin/uname -p = unknown
/bin/uname -X     = unknown

/bin/arch              = unknown
/usr/bin/arch -k       = unknown
/usr/convex/getsysinfo = unknown
/usr/bin/hostinfo      = unknown
/bin/machine           = unknown
/usr/bin/oslevel       = unknown
/bin/universe          = unknown

PATH: /home/federica/Scrivania/Codes/Dakota6.9/bin
PATH: /home/federica/Scrivania/Codes/Dakota6.9/test
PATH: /home/federica/.local/bin
PATH: /usr/local/sbin
PATH: /usr/local/bin
PATH: /usr/sbin
PATH: /usr/bin
PATH: /sbin
PATH: /bin
PATH: /usr/games
PATH: /usr/local/games
PATH: /snap/bin


## ----------- ##
## Core tests. ##
## ----------- ##

configure:1827: checking for gfortran
configure:1843: found /usr/bin/gfortran
configure:1854: result: gfortran
configure:1880: checking for Fortran compiler version
configure:1889: gfortran --version >&5
GNU Fortran (Ubuntu 7.4.0-1ubuntu1~18.04.1) 7.4.0
Copyright (C) 2017 Free Software Foundation, Inc.
This is free software; see the source for copying conditions.  There is NO
warranty; not even for MERCHANTABILITY or FITNESS FOR A PARTICULAR PURPOSE.

configure:1900: $? = 0
configure:1889: gfortran -v >&5
Using built-in specs.
COLLECT_GCC=gfortran
COLLECT_LTO_WRAPPER=/usr/lib/gcc/x86_64-linux-gnu/7/lto-wrapper
OFFLOAD_TARGET_NAMES=nvptx-none
OFFLOAD_TARGET_DEFAULT=1
Target: x86_64-linux-gnu
Configured with: ../src/configure -v --with-pkgversion='Ubuntu 7.4.0-1ubuntu1~18.04.1' --with-bugurl=file:///usr/share/doc/gcc-7/README.Bugs --enable-languages=c,ada,c++,go,brig,d,fortran,objc,obj-c++ --prefix=/usr --with-gcc-major-version-only --program-suffix=-7 --program-prefix=x86_64-linux-gnu- --enable-shared --enable-linker-build-id --libexecdir=/usr/lib --without-included-gettext --enable-threads=posix --libdir=/usr/lib --enable-nls --with-sysroot=/ --enable-clocale=gnu --enable-libstdcxx-debug --enable-libstdcxx-time=yes --with-default-libstdcxx-abi=new --enable-gnu-unique-object --disable-vtable-verify --enable-libmpx --enable-plugin --enable-default-pie --with-system-zlib --with-target-system-zlib --enable-objc-gc=auto --enable-multiarch --disable-werror --with-arch-32=i686 --with-abi=m64 --with-multilib-list=m32,m64,mx32 --enable-multilib --with-tune=generic --enable-offload-targets=nvptx-none --without-cuda-driver --enable-checking=release --build=x86_64-linux-gnu --host=x86_64-linux-gnu --target=x86_64-linux-gnu
Thread model: posix
gcc version 7.4.0 (Ubuntu 7.4.0-1ubuntu1~18.04.1) 
configure:1900: $? = 0
configure:1889: gfortran -V >&5
gfortran: error: unrecognized command line option '-V'
gfortran: fatal error: no input files
compilation terminated.
configure:1900: $? = 1
configure:1889: gfortran -qversion >&5
gfortran: error: unrecognized command line option '-qversion'; did you mean '--version'?
gfortran: fatal error: no input files
compilation terminated.
configure:1900: $? = 1
configure:1915: checking whether the Fortran compiler works
configure:1937: gfortran    conftest.f  >&5
configure:1941: $? = 0
configure:1989: result: yes
configure:1992: checking for Fortran compiler default output file name
configure:1994: result: a.out
configure:2000: checking for suffix of executables
configure:2007: gfortran -o conftest    conftest.f  >&5
configure:2011: $? = 0
configure:2033: result: 
configure:2049: checking whether we are cross compiling
configure:2057: gfortran -o conftest    conftest.f  >&5
configure:2061: $? = 0
configure:2068: ./conftest
configure:2072: $? = 0
configure:2087: result: no
configure:2092: checking for suffix of object files
configure:2108: gfortran -c   conftest.f >&5
configure:2112: $? = 0
configure:2133: result: o
configure:2141: checking whether we are using the GNU Fortran compiler
configure:2154: gfortran -c   conftest.F >&5
configure:2154: $? = 0
configure:2163: result: yes
configure:2169: checking whether gfortran accepts -g
configure:2180: gfortran -c -g  conftest.f >&5
configure:2180: $? = 0
configure:2188: result: yes
configure:2264: checking for a BSD-compatible install
configure:2332: result: /usr/bin/install -c
configure:2343: checking whether build environment is sane
configure:2398: result: yes
configure:2549: checking for a thread-safe mkdir -p
configure:2588: result: /bin/mkdir -p
configure:2595: checking for gawk
configure:2611: found /usr/bin/gawk
configure:2622: result: gawk
configure:2633: checking whether make sets $(MAKE)
configure:2655: result: yes
configure:2684: checking whether make supports nested variables
configure:2701: result: yes
configure:2982: checking that generated files are newer than configure
configure:2988: result: done
configure:3003: creating ./config.status

## ---------------------- ##
## Running config.status. ##
## ---------------------- ##

This file was extended by PLUME-MoM config.status 1.0, which was
generated by GNU Autoconf 2.69.  Invocation command line was

  CONFIG_FILES    = 
  CONFIG_HEADERS  = 
  CONFIG_LINKS    = 
  CONFIG_COMMANDS = 
  $ ./config.status 

on federica-Lenovo

config.status:751: creating Makefile
config.status:751: creating src/Makefile

## ---------------- ##
## Cache variables. ##
## ---------------- ##

ac_cv_env_FCFLAGS_set=
ac_cv_env_FCFLAGS_value=
ac_cv_env_FC_set=
ac_cv_env_FC_value=
ac_cv_env_LDFLAGS_set=
ac_cv_env_LDFLAGS_value=
ac_cv_env_LIBS_set=
ac_cv_env_LIBS_value=
ac_cv_env_build_alias_set=
ac_cv_env_build_alias_value=
ac_cv_env_host_alias_set=
ac_cv_env_host_alias_value=
ac_cv_env_target_alias_set=
ac_cv_env_target_alias_value=
ac_cv_fc_compiler_gnu=yes
ac_cv_objext=o
ac_cv_path_install='/usr/bin/install -c'
ac_cv_path_mkdir=/bin/mkdir
ac_cv_prog_AWK=gawk
ac_cv_prog_ac_ct_FC=gfortran
ac_cv_prog_fc_g=yes
ac_cv_prog_make_make_set=yes
am_cv_make_support_nested_variables=yes

## ----------------- ##
## Output variables. ##
## ----------------- ##

ACLOCAL='${SHELL} /home/federica/Scrivania/GIT/PLUME-MoM-TSM/missing aclocal-1.14'
AMTAR='$${TAR-tar}'
AM_BACKSLASH='\'
AM_DEFAULT_V='$(AM_DEFAULT_VERBOSITY)'
AM_DEFAULT_VERBOSITY='1'
AM_V='$(V)'
AUTOCONF='${SHELL} /home/federica/Scrivania/GIT/PLUME-MoM-TSM/missing autoconf'
AUTOHEADER='${SHELL} /home/federica/Scrivania/GIT/PLUME-MoM-TSM/missing autoheader'
AUTOMAKE='${SHELL} /home/federica/Scrivania/GIT/PLUME-MoM-TSM/missing automake-1.14'
AWK='gawk'
CYGPATH_W='echo'
DEFS='-DPACKAGE_NAME=\"PLUME-MoM\" -DPACKAGE_TARNAME=\"plume-mom\" -DPACKAGE_VERSION=\"1.0\" -DPACKAGE_STRING=\"PLUME-MoM\ 1.0\" -DPACKAGE_BUGREPORT=\"mattia.demichielivitturi@ingv.it\" -DPACKAGE_URL=\"\" -DPACKAGE=\"plume-mom\" -DVERSION=\"1.0\"'
ECHO_C=''
ECHO_N='-n'
ECHO_T=''
EXEEXT=''
FC='gfortran'
FCFLAGS='-g -O2'
INSTALL_DATA='${INSTALL} -m 644'
INSTALL_PROGRAM='${INSTALL}'
INSTALL_SCRIPT='${INSTALL}'
INSTALL_STRIP_PROGRAM='$(install_sh) -c -s'
LDFLAGS=''
LIBOBJS=''
LIBS=''
LTLIBOBJS=''
MAKEINFO='${SHELL} /home/federica/Scrivania/GIT/PLUME-MoM-TSM/missing makeinfo'
MKDIR_P='/bin/mkdir -p'
OBJEXT='o'
PACKAGE='plume-mom'
PACKAGE_BUGREPORT='mattia.demichielivitturi@ingv.it'
PACKAGE_NAME='PLUME-MoM'
PACKAGE_STRING='PLUME-MoM 1.0'
PACKAGE_TARNAME='plume-mom'
PACKAGE_URL=''
PACKAGE_VERSION='1.0'
PATH_SEPARATOR=':'
SET_MAKE=''
SHELL='/bin/bash'
STRIP=''
VERSION='1.0'
ac_ct_FC='gfortran'
am__EXEEXT_FALSE=''
am__EXEEXT_TRUE='#'
am__isrc=''
am__leading_dot='.'
am__tar='$${TAR-tar} chof - "$$tardir"'
am__untar='$${TAR-tar} xf -'
bindir='${exec_prefix}/bin'
build_alias=''
datadir='${datarootdir}'
datarootdir='${prefix}/share'
docdir='${datarootdir}/doc/${PACKAGE_TARNAME}'
dvidir='${docdir}'
exec_prefix='${prefix}'
host_alias=''
htmldir='${docdir}'
includedir='${prefix}/include'
infodir='${datarootdir}/info'
install_sh='${SHELL} /home/federica/Scrivania/GIT/PLUME-MoM-TSM/install-sh'
libdir='${exec_prefix}/lib'
libexecdir='${exec_prefix}/libexec'
localedir='${datarootdir}/locale'
localstatedir='${prefix}/var'
mandir='${datarootdir}/man'
mkdir_p='$(MKDIR_P)'
oldincludedir='/usr/include'
pdfdir='${docdir}'
prefix='..'
program_transform_name='s,x,x,'
psdir='${docdir}'
sbindir='${exec_prefix}/sbin'
sharedstatedir='${prefix}/com'
sysconfdir='${prefix}/etc'
target_alias=''

## ----------- ##
## confdefs.h. ##
## ----------- ##

/* confdefs.h */
#define PACKAGE_NAME "PLUME-MoM"
#define PACKAGE_TARNAME "plume-mom"
#define PACKAGE_VERSION "1.0"
#define PACKAGE_STRING "PLUME-MoM 1.0"
#define PACKAGE_BUGREPORT "mattia.demichielivitturi@ingv.it"
#define PACKAGE_URL ""
#define PACKAGE "plume-mom"
#define VERSION "1.0"

configure: exit 0
